<?xml version="1.0" encoding="UTF-8"?>
<testng-results skipped="0" failed="0" ignored="0" total="2" passed="2">
  <reporter-output>
  </reporter-output>
  <suite name="Suite" duration-ms="229484" started-at="2019-05-21T06:39:20Z" finished-at="2019-05-21T06:43:09Z">
    <groups>
      <group name="cucumber">
        <method signature="AbstractTestNGCucumberTests.feature(cucumber.api.testng.CucumberFeatureWrapper)[pri:0, instance:Runner.runner@25bbf683]" name="feature" class="cucumber.api.testng.AbstractTestNGCucumberTests"/>
      </group> <!-- cucumber -->
    </groups>
    <test name="Test" duration-ms="229484" started-at="2019-05-21T06:39:20Z" finished-at="2019-05-21T06:43:09Z">
      <class name="Runner.runner">
        <test-method status="PASS" signature="setUpClass()[pri:0, instance:Runner.runner@25bbf683]" name="setUpClass" is-config="true" duration-ms="348" started-at="2019-05-21T12:09:20Z" finished-at="2019-05-21T12:09:20Z">
          <reporter-output>
          </reporter-output>
        </test-method> <!-- setUpClass -->
        <test-method status="PASS" signature="before()[pri:0, instance:Runner.runner@25bbf683]" name="before" is-config="true" duration-ms="77301" started-at="2019-05-21T12:09:20Z" finished-at="2019-05-21T12:10:37Z">
          <reporter-output>
          </reporter-output>
        </test-method> <!-- before -->
        <test-method status="PASS" signature="feature(cucumber.api.testng.CucumberFeatureWrapper)[pri:0, instance:Runner.runner@25bbf683]" name="feature" duration-ms="34778" started-at="2019-05-21T12:10:37Z" description="Runs Cucumber Feature" data-provider="features" finished-at="2019-05-21T12:11:12Z">
          <params>
            <param index="0">
              <value>
                <![CDATA[User able to login]]>
              </value>
            </param>
          </params>
          <reporter-output>
          </reporter-output>
        </test-method> <!-- feature -->
        <test-method status="PASS" signature="feature(cucumber.api.testng.CucumberFeatureWrapper)[pri:0, instance:Runner.runner@25bbf683]" name="feature" duration-ms="116333" started-at="2019-05-21T12:11:12Z" description="Runs Cucumber Feature" data-provider="features" finished-at="2019-05-21T12:13:09Z">
          <params>
            <param index="0">
              <value>
                <![CDATA[To Check the categories present in the landing screen]]>
              </value>
            </param>
          </params>
          <reporter-output>
          </reporter-output>
        </test-method> <!-- feature -->
        <test-method status="PASS" signature="after()[pri:0, instance:Runner.runner@25bbf683]" name="after" is-config="true" duration-ms="2" started-at="2019-05-21T12:13:09Z" finished-at="2019-05-21T12:13:09Z">
          <reporter-output>
          </reporter-output>
        </test-method> <!-- after -->
        <test-method status="PASS" signature="tearDownClass()[pri:0, instance:Runner.runner@25bbf683]" name="tearDownClass" is-config="true" duration-ms="403" started-at="2019-05-21T12:13:09Z" finished-at="2019-05-21T12:13:09Z">
          <reporter-output>
          </reporter-output>
        </test-method> <!-- tearDownClass -->
      </class> <!-- Runner.runner -->
    </test> <!-- Test -->
  </suite> <!-- Suite -->
</testng-results>
